<?xml version="1.0" encoding="UTF-8"?>
<!-- Generated by org.testng.reporters.JUnitReportReporter -->
<testsuite hostname="Salenium-03" failures="0" tests="2" name="com.spreecom.Spreecom_Login_Navigation_Command" time="15.650" errors="0" timestamp="2022-09-17T14:03:27 GMT-07:00" skipped="0">
  <testcase classname="com.spreecom.Spreecom_Login_Navigation_Command" name="Login" time="10.151"/>
  <system-out/>
  <testcase classname="com.spreecom.Spreecom_Login_Navigation_Command" name="Logout" time="5.499"/>
  <system-out/>
</testsuite> <!-- com.spreecom.Spreecom_Login_Navigation_Command -->
