<?xml version="1.0" encoding="UTF-8"?>
<!-- Generated by org.testng.reporters.JUnitReportReporter -->
<testsuite hostname="Salenium-03" failures="0" tests="1" name="pk_Selenium.TaskTree" time="5.149" errors="0" timestamp="2022-09-26T07:56:17 GMT-07:00" skipped="0">
  <testcase classname="pk_Selenium.TaskTree" name="testTaskTree" time="5.149"/>
  <system-out/>
</testsuite> <!-- pk_Selenium.TaskTree -->
