<?xml version="1.0" encoding="UTF-8"?>
<!-- Generated by org.testng.reporters.JUnitReportReporter -->
<testsuite hostname="Salenium-03" failures="0" tests="1" name="Second_Assignment$Simple_Alert" time="5.171" errors="0" timestamp="2022-09-24T18:40:41 GMT-07:00" skipped="0">
  <testcase classname="Second_Assignment$Simple_Alert" name="hideButton" time="5.171"/>
  <system-out/>
</testsuite> <!-- Second_Assignment$Simple_Alert -->
