<?xml version="1.0" encoding="UTF-8"?>
<!-- Generated by org.testng.reporters.JUnitReportReporter -->
<testsuite hostname="Salenium-03" failures="0" tests="1" name="Implicit_Explicite_Exemple" time="2.910" errors="0" timestamp="2022-09-23T07:39:29 GMT-07:00" skipped="0">
  <testcase classname="Implicit_Explicite_Exemple" name="Explicit_Wait" time="2.910"/>
  <system-out/>
</testsuite> <!-- Implicit_Explicite_Exemple -->
