<?xml version="1.0" encoding="UTF-8"?>
<!-- Generated by org.testng.reporters.JUnitReportReporter -->
<testsuite hostname="Salenium-03" failures="0" tests="5" name="pk_Selenium.Weborder_Login_All_TCs_Scenario" time="7.265" errors="0" timestamp="2022-09-21T21:04:30 GMT-07:00" skipped="0">
  <testcase classname="pk_Selenium.Weborder_Login_All_TCs_Scenario" name="ValidLogin" time="0.909"/>
  <system-out/>
  <testcase classname="pk_Selenium.Weborder_Login_All_TCs_Scenario" name="ValidLogin" time="0.954"/>
  <system-out/>
  <testcase classname="pk_Selenium.Weborder_Login_All_TCs_Scenario" name="ValidLogin" time="0.982"/>
  <system-out/>
  <testcase classname="pk_Selenium.Weborder_Login_All_TCs_Scenario" name="ValidLogin" time="0.924"/>
  <system-out/>
  <testcase classname="pk_Selenium.Weborder_Login_All_TCs_Scenario" name="ValidLogin" time="3.496"/>
  <system-out/>
</testsuite> <!-- pk_Selenium.Weborder_Login_All_TCs_Scenario -->
