<?xml version="1.0" encoding="UTF-8"?>
<!-- Generated by org.testng.reporters.JUnitReportReporter -->
<testsuite hostname="Salenium-03" failures="0" tests="1" name="pk_Selenium.ConnectDB_Direct_Example" time="1.281" errors="0" timestamp="2022-09-20T21:27:36 GMT-07:00" skipped="0">
  <testcase classname="pk_Selenium.ConnectDB_Direct_Example" name="ConnectSQLDB" time="1.281"/>
  <system-out/>
</testsuite> <!-- pk_Selenium.ConnectDB_Direct_Example -->
