<?xml version="1.0" encoding="UTF-8"?>
<!-- Generated by org.testng.reporters.JUnitReportReporter -->
<testsuite hostname="Salenium-03" failures="0" tests="4" name="com.spreecom.Weorder_Login_Calling_Exel_File" time="9.568" errors="0" timestamp="2022-09-23T09:26:48 GMT-07:00" skipped="0">
  <testcase classname="com.spreecom.Weorder_Login_Calling_Exel_File" name="ValidLogin" time="2.294"/>
  <system-out/>
  <testcase classname="com.spreecom.Weorder_Login_Calling_Exel_File" name="ValidLogin" time="2.169"/>
  <system-out/>
  <testcase classname="com.spreecom.Weorder_Login_Calling_Exel_File" name="ValidLogin" time="2.899"/>
  <system-out/>
  <testcase classname="com.spreecom.Weorder_Login_Calling_Exel_File" name="ValidLogin" time="2.206"/>
  <system-out/>
</testsuite> <!-- com.spreecom.Weorder_Login_Calling_Exel_File -->
