<?xml version="1.0" encoding="UTF-8"?>
<!-- Generated by org.testng.reporters.JUnitReportReporter -->
<testsuite hostname="Salenium-03" failures="0" tests="1" name="pk_Selenium.OrangeHRM_login_Admin_Using_BlazeMeter$OrangHrmLogin" time="15.932" errors="0" timestamp="2022-09-25T21:01:47 GMT-07:00" skipped="0">
  <testcase classname="pk_Selenium.OrangeHRM_login_Admin_Using_BlazeMeter$OrangHrmLogin" name="testOrangHrmLogin" time="15.932"/>
  <system-out/>
</testsuite> <!-- pk_Selenium.OrangeHRM_login_Admin_Using_BlazeMeter$OrangHrmLogin -->
