<?xml version="1.0" encoding="UTF-8"?>
<!-- Generated by org.testng.reporters.JUnitReportReporter -->
<testsuite hostname="Salenium-03" failures="0" tests="1" name="pk_Selenium.Navigate_All_Spreecom" time="106.470" errors="0" timestamp="2022-09-23T06:14:26 GMT-07:00" skipped="0">
  <testcase classname="pk_Selenium.Navigate_All_Spreecom" name="NavigateToAllLinks" time="106.470"/>
  <system-out/>
</testsuite> <!-- pk_Selenium.Navigate_All_Spreecom -->
