<?xml version="1.0" encoding="UTF-8"?>
<!-- Generated by org.testng.reporters.JUnitReportReporter -->
<testsuite hostname="Salenium-03" failures="0" tests="1" name="pk_Selenium.All_Lists" time="40.279" errors="0" timestamp="2022-09-22T11:16:18 GMT-07:00" skipped="0">
  <testcase classname="pk_Selenium.All_Lists" name="Pagination_Example" time="40.279"/>
  <system-out/>
</testsuite> <!-- pk_Selenium.All_Lists -->
