<?xml version="1.0" encoding="UTF-8"?>
<!-- Generated by org.testng.reporters.JUnitReportReporter -->
<testsuite hostname="Salenium-03" failures="0" tests="1" name="pk_Selenium.Weborder_Login_Using_Keyboard" time="4.157" errors="0" timestamp="2022-09-18T15:23:59 GMT-07:00" skipped="0">
  <testcase classname="pk_Selenium.Weborder_Login_Using_Keyboard" name="KeybourdAction" time="4.157"/>
  <system-out/>
</testsuite> <!-- pk_Selenium.Weborder_Login_Using_Keyboard -->
