<?xml version="1.0" encoding="UTF-8"?>
<!-- Generated by org.testng.reporters.JUnitReportReporter -->
<testsuite hostname="Salenium-03" failures="0" tests="2" name="pk_Selenium.Spreecom_Login" time="18.481" errors="0" timestamp="2022-09-15T17:16:21 GMT-07:00" skipped="0">
  <testcase classname="pk_Selenium.Spreecom_Login" name="Login" time="10.985"/>
  <system-out/>
  <testcase classname="pk_Selenium.Spreecom_Login" name="Logout" time="7.496"/>
  <system-out/>
</testsuite> <!-- pk_Selenium.Spreecom_Login -->
