<?xml version="1.0" encoding="UTF-8"?>
<!-- Generated by org.testng.reporters.JUnitReportReporter -->
<testsuite hostname="Salenium-03" failures="0" tests="4" name="pk_Selenium.Mobile_Brouser_View_Calling_DataProvider1" time="18.295" errors="0" timestamp="2022-09-18T17:38:24 GMT-07:00" skipped="0">
  <testcase classname="pk_Selenium.Mobile_Brouser_View_Calling_DataProvider1" name="LaunchBrowser" time="3.902"/>
  <system-out/>
  <testcase classname="pk_Selenium.Mobile_Brouser_View_Calling_DataProvider1" name="LaunchBrowser" time="6.797"/>
  <system-out/>
  <testcase classname="pk_Selenium.Mobile_Brouser_View_Calling_DataProvider1" name="LaunchBrowser" time="4.014"/>
  <system-out/>
  <testcase classname="pk_Selenium.Mobile_Brouser_View_Calling_DataProvider1" name="LaunchBrowser" time="3.582"/>
  <system-out/>
</testsuite> <!-- pk_Selenium.Mobile_Brouser_View_Calling_DataProvider1 -->
