<?xml version="1.0" encoding="UTF-8"?>
<!-- Generated by org.testng.reporters.JUnitReportReporter -->
<testsuite hostname="Salenium-03" failures="0" tests="3" name="Simple_Alert" time="10.848" errors="0" timestamp="2022-09-23T11:18:38 GMT-07:00" skipped="0">
  <testcase classname="Simple_Alert" name="alertButton" time="4.282"/>
  <system-out/>
  <testcase classname="Simple_Alert" name="nameAlert" time="4.337"/>
  <system-out/>
  <testcase classname="Simple_Alert" name="lastAlert" time="2.229"/>
  <system-out/>
</testsuite> <!-- Simple_Alert -->
