<?xml version="1.0" encoding="UTF-8"?>
<!-- Generated by org.testng.reporters.JUnitReportReporter -->
<testsuite hostname="Salenium-03" failures="0" tests="1" name="pk_Selenium.Second_Assignment$Simple_Alert" time="5.251" errors="0" timestamp="2022-09-26T07:09:30 GMT-07:00" skipped="0">
  <testcase classname="pk_Selenium.Second_Assignment$Simple_Alert" name="hideButton" time="5.251"/>
  <system-out/>
</testsuite> <!-- pk_Selenium.Second_Assignment$Simple_Alert -->
