<?xml version="1.0" encoding="UTF-8"?>
<!-- Generated by org.testng.reporters.JUnitReportReporter -->
<testsuite hostname="Salenium-03" failures="0" tests="3" name="pk_Selenium.Order_Verify" time="10.603" errors="0" timestamp="2022-09-23T06:20:38 GMT-07:00" skipped="0">
  <testcase classname="pk_Selenium.Order_Verify" name="ValidLogin" time="2.035"/>
  <system-out/>
  <testcase classname="pk_Selenium.Order_Verify" name="CreateOrder" time="5.225"/>
  <system-out/>
  <testcase classname="pk_Selenium.Order_Verify" name="DeleteOrder" time="3.343"/>
  <system-out/>
</testsuite> <!-- pk_Selenium.Order_Verify -->
