<?xml version="1.0" encoding="UTF-8"?>
<!-- Generated by org.testng.reporters.JUnitReportReporter -->
<testsuite hostname="Salenium-03" failures="0" tests="2" name="com.spreecom.Spreecom_Login_Headless" time="16.321" errors="0" timestamp="2022-09-17T19:01:23 GMT-07:00" skipped="0">
  <testcase classname="com.spreecom.Spreecom_Login_Headless" name="Login" time="10.923"/>
  <system-out/>
  <testcase classname="com.spreecom.Spreecom_Login_Headless" name="Logout" time="5.398"/>
  <system-out/>
</testsuite> <!-- com.spreecom.Spreecom_Login_Headless -->
