<?xml version="1.0" encoding="UTF-8"?>
<!-- Generated by org.testng.reporters.JUnitReportReporter -->
<testsuite hostname="Salenium-03" failures="0" tests="1" name="pk_Selenium.Date_Calendar_Exemple" time="9.750" errors="0" timestamp="2022-09-24T20:52:38 GMT-07:00" skipped="0">
  <testcase classname="pk_Selenium.Date_Calendar_Exemple" name="Date_Select" time="9.750"/>
  <system-out/>
</testsuite> <!-- pk_Selenium.Date_Calendar_Exemple -->
