<?xml version="1.0" encoding="UTF-8"?>
<!-- Generated by org.testng.reporters.JUnitReportReporter -->
<testsuite hostname="Salenium-03" failures="0" tests="2" name="com.spreecom.Spreecom_Login" time="17.448" errors="0" timestamp="2022-09-22T19:06:24 GMT-07:00" skipped="0">
  <testcase classname="com.spreecom.Spreecom_Login" name="Login" time="11.442"/>
  <system-out/>
  <testcase classname="com.spreecom.Spreecom_Login" name="Logout" time="6.006"/>
  <system-out/>
</testsuite> <!-- com.spreecom.Spreecom_Login -->
