<?xml version="1.0" encoding="UTF-8"?>
<!-- Generated by org.testng.reporters.JUnitReportReporter -->
<testsuite hostname="Salenium-03" failures="0" tests="1" name="pk_Selenium.Page_Sourse" time="0.772" errors="0" timestamp="2022-09-22T12:03:15 GMT-07:00" skipped="0">
  <testcase classname="pk_Selenium.Page_Sourse" name="Employeelist" time="0.772"/>
  <system-out/>
</testsuite> <!-- pk_Selenium.Page_Sourse -->
