<?xml version="1.0" encoding="UTF-8"?>
<!-- Generated by org.testng.reporters.JUnitReportReporter -->
<testsuite hostname="Salenium-03" failures="0" tests="1" name="com.spreecom.Web_Order_CreateOrder" time="5.876" errors="0" timestamp="2022-09-22T08:48:40 GMT-07:00" skipped="0">
  <testcase classname="com.spreecom.Web_Order_CreateOrder" name="createWebOrder" time="5.876"/>
  <system-out/>
</testsuite> <!-- com.spreecom.Web_Order_CreateOrder -->
