<?xml version="1.0" encoding="UTF-8"?>
<!-- Generated by org.testng.reporters.JUnitReportReporter -->
<testsuite hostname="Salenium-03" failures="0" tests="1" name="pk_Selenium.Spreecom_ChengNG" time="0.015" errors="0" timestamp="2022-09-15T07:58:48 GMT-07:00" skipped="0">
  <testcase classname="pk_Selenium.Spreecom_ChengNG" name="Change" time="0.015"/>
  <system-out/>
</testsuite> <!-- pk_Selenium.Spreecom_ChengNG -->
