<?xml version="1.0" encoding="UTF-8"?>
<!-- Generated by org.testng.reporters.JUnitReportReporter -->
<testsuite hostname="Salenium-03" failures="0" tests="1" name="pk_Selenium.WebOrder_TestNG" time="11.745" errors="0" timestamp="2022-09-14T22:15:49 IST" skipped="0">
  <testcase classname="pk_Selenium.WebOrder_TestNG" name="login_scenario" time="11.745"/>
  <system-out/>
</testsuite> <!-- pk_Selenium.WebOrder_TestNG -->
