<?xml version="1.0" encoding="UTF-8"?>
<!-- Generated by org.testng.reporters.JUnitReportReporter -->
<testsuite hostname="Salenium-03" failures="0" tests="1" name="pk_Selenium.WebOrder_CrossBrowser_Testing" time="0.023" errors="0" timestamp="2022-09-19T10:51:24 GMT-07:00" skipped="0">
  <testcase classname="pk_Selenium.WebOrder_CrossBrowser_Testing" name="f" time="0.023"/>
  <system-out/>
</testsuite> <!-- pk_Selenium.WebOrder_CrossBrowser_Testing -->
