<?xml version="1.0" encoding="UTF-8"?>
<!-- Generated by org.testng.reporters.JUnitReportReporter -->
<testsuite hostname="Salenium-03" failures="0" tests="1" name="Scenario1_Broken_Images" time="5.059" errors="0" timestamp="2022-09-23T08:01:47 GMT-07:00" skipped="0">
  <testcase classname="Scenario1_Broken_Images" name="validateInvalidImages" time="5.059"/>
  <system-out/>
</testsuite> <!-- Scenario1_Broken_Images -->
