<?xml version="1.0" encoding="UTF-8"?>
<!-- Generated by org.testng.reporters.JUnitReportReporter -->
<testsuite hostname="Salenium-03" failures="0" tests="2" name="com.spreecom.Spreecom_Login_GetText_GetTitle_GetCurrentURL" time="17.662" errors="0" timestamp="2022-09-29T21:16:15 GMT-07:00" skipped="0">
  <testcase classname="com.spreecom.Spreecom_Login_GetText_GetTitle_GetCurrentURL" name="Login" time="12.116"/>
  <system-out/>
  <testcase classname="com.spreecom.Spreecom_Login_GetText_GetTitle_GetCurrentURL" name="Logout" time="5.546"/>
  <system-out/>
</testsuite> <!-- com.spreecom.Spreecom_Login_GetText_GetTitle_GetCurrentURL -->
