<?xml version="1.0" encoding="UTF-8"?>
<!-- Generated by org.testng.reporters.JUnitReportReporter -->
<testsuite hostname="Salenium-03" failures="0" tests="1" name="pk_Selenium.Call_Baseclass_DB_Fanction_Weborder_Login" time="37.342" errors="0" timestamp="2022-09-21T08:16:42 GMT-07:00" skipped="0">
  <testcase classname="pk_Selenium.Call_Baseclass_DB_Fanction_Weborder_Login" name="ConnectSQLDB_With_LoginApp" time="37.342"/>
  <system-out/>
</testsuite> <!-- pk_Selenium.Call_Baseclass_DB_Fanction_Weborder_Login -->
