<?xml version="1.0" encoding="UTF-8"?>
<!-- Generated by org.testng.reporters.JUnitReportReporter -->
<testsuite hostname="Salenium-03" failures="0" tests="3" name="pk_Selenium.Handle_All_Allert_Example" time="8.683" errors="0" timestamp="2022-09-23T09:31:09 GMT-07:00" skipped="0">
  <testcase classname="pk_Selenium.Handle_All_Allert_Example" name="CLickOnJSAlert" time="6.321"/>
  <system-out/>
  <testcase classname="pk_Selenium.Handle_All_Allert_Example" name="CLickForJSConfirm" time="2.164"/>
  <system-out/>
  <testcase classname="pk_Selenium.Handle_All_Allert_Example" name="CLickForJSPromt" time="0.198"/>
  <system-out/>
</testsuite> <!-- pk_Selenium.Handle_All_Allert_Example -->
