<?xml version="1.0" encoding="UTF-8"?>
<!-- Generated by org.testng.reporters.JUnitReportReporter -->
<testsuite hostname="Salenium-03" failures="0" tests="1" name="pk_Selenium.Calling_DB_BaseClass" time="0.048" errors="0" timestamp="2022-10-12T07:29:52 GMT-07:00" skipped="0">
  <testcase classname="pk_Selenium.Calling_DB_BaseClass" name="readDB" time="0.048"/>
  <system-out/>
</testsuite> <!-- pk_Selenium.Calling_DB_BaseClass -->
