<?xml version="1.0" encoding="UTF-8"?>
<!-- Generated by org.testng.reporters.JUnitReportReporter -->
<testsuite hostname="Salenium-03" failures="0" tests="3" name="pk_Selenium.Simple_Alert" time="11.034" errors="0" timestamp="2022-09-26T07:07:32 GMT-07:00" skipped="0">
  <testcase classname="pk_Selenium.Simple_Alert" name="alertButton" time="4.387"/>
  <system-out/>
  <testcase classname="pk_Selenium.Simple_Alert" name="nameAlert" time="4.507"/>
  <system-out/>
  <testcase classname="pk_Selenium.Simple_Alert" name="lastAlert" time="2.140"/>
  <system-out/>
</testsuite> <!-- pk_Selenium.Simple_Alert -->
