<?xml version="1.0" encoding="UTF-8"?>
<!-- Generated by org.testng.reporters.JUnitReportReporter -->
<testsuite hostname="Salenium-03" failures="0" tests="4" name="com.spreecom.Weorder_Login_Ca" time="12.246" errors="0" timestamp="2022-09-20T23:21:36 IST" skipped="0">
  <testcase classname="com.spreecom.Weorder_Login_Ca" name="ValidLogin" time="4.865"/>
  <system-out/>
  <testcase classname="com.spreecom.Weorder_Login_Ca" name="ValidLogin" time="2.307"/>
  <system-out/>
  <testcase classname="com.spreecom.Weorder_Login_Ca" name="ValidLogin" time="2.174"/>
  <system-out/>
  <testcase classname="com.spreecom.Weorder_Login_Ca" name="ValidLogin" time="2.900"/>
  <system-out/>
</testsuite> <!-- com.spreecom.Weorder_Login_Ca -->
