<?xml version="1.0" encoding="UTF-8"?>
<!-- Generated by org.testng.reporters.JUnitReportReporter -->
<testsuite hostname="Salenium-03" failures="0" tests="1" name="pk_Selenium.GoogleAllLink_Navigate_and_Verify" time="75.376" errors="0" timestamp="2022-09-22T17:45:39 GMT-07:00" skipped="0">
  <testcase classname="pk_Selenium.GoogleAllLink_Navigate_and_Verify" name="NavigateToAllLinks" time="75.376"/>
  <system-out/>
</testsuite> <!-- pk_Selenium.GoogleAllLink_Navigate_and_Verify -->
