<?xml version="1.0" encoding="UTF-8"?>
<!-- Generated by org.testng.reporters.JUnitReportReporter -->
<testsuite hostname="Salenium-03" failures="0" tests="1" name="pk_Selenium.Navigate_all_axcept" time="15.394" errors="0" timestamp="2022-09-23T06:39:37 GMT-07:00" skipped="0">
  <testcase classname="pk_Selenium.Navigate_all_axcept" name="NavigateToAllLinks1" time="15.394"/>
  <system-out/>
</testsuite> <!-- pk_Selenium.Navigate_all_axcept -->
