<?xml version="1.0" encoding="UTF-8"?>
<!-- Generated by org.testng.reporters.JUnitReportReporter -->
<testsuite hostname="Salenium-03" failures="0" tests="1" name="pk_Selenium.OrangeHRM_Login_Admin" time="0.397" errors="0" timestamp="2022-09-25T16:21:15 GMT-07:00" skipped="0">
  <testcase classname="pk_Selenium.OrangeHRM_Login_Admin" name="loginPage" time="0.397"/>
  <system-out/>
</testsuite> <!-- pk_Selenium.OrangeHRM_Login_Admin -->
