<?xml version="1.0" encoding="UTF-8"?>
<!-- Generated by org.testng.reporters.JUnitReportReporter -->
<testsuite hostname="Salenium-03" failures="0" tests="1" name="pk_Selenium.Bank" time="5.495" errors="0" timestamp="2022-09-25T15:50:37 GMT-07:00" skipped="0">
  <testcase classname="pk_Selenium.Bank" name="f" time="5.495"/>
  <system-out/>
</testsuite> <!-- pk_Selenium.Bank -->
